05:01:07.056 [main] INFO  - -------------------------verifyLogo TEST START ---------------------
05:01:07.123 [main] INFO  - Verifying if the logo is present
05:01:07.126 [main] INFO  - Logo is present
05:01:07.127 [main] INFO  - -------------------------verifyLogo TEST START ---------------------
05:01:18.169 [main] INFO  - -------------------------verifyRegisterUserBtn TEST START ---------------------
05:01:18.169 [main] INFO  - clicking on Create an Account
05:01:19.667 [main] INFO  - Getting current Url
05:01:19.716 [main] INFO  - Verifying if the Url matches the Expected Url
05:01:19.716 [main] INFO  - Matches the expected Url
05:01:19.716 [main] INFO  - -------------------------verifyRegisterUserBtn TEST START ---------------------
05:01:24.603 [main] INFO  - -------------------------verifySignInbtn TEST START ---------------------
05:01:24.603 [main] INFO  - clicking on signin button
05:01:25.631 [main] INFO  - getting current url
05:01:25.676 [main] INFO  - Verifying if the url matches the expected url
05:01:25.676 [main] INFO  - Match Success
05:01:25.676 [main] INFO  - -------------------------verifySignInbtn TEST START ---------------------
05:01:31.493 [main] INFO  - -------------------------verifyTitle TEST START ---------------------
05:01:31.494 [main] INFO  - Getting my Store Title
05:01:31.499 [main] INFO  - Verifying if StoreTitle is same as expected
05:01:31.499 [main] INFO  - Verified Store Title
05:01:31.499 [main] INFO  - -------------------------verifyTitle TEST START ---------------------
